<?xml version="1.0" encoding="UTF-8"?>
<!-- Generated by org.testng.reporters.JUnitXMLReporter -->
<testsuite ignored="0" hostname="Admin" failures="0" tests="5" name="Default test" time="8.478" errors="0" timestamp="2023-04-25T11:36:42 IST">
  <testcase classname="org.redbus.RedBusLoginPage" name="firstClickSingIn" time="1.798"/>
  <testcase classname="org.redbus.RedBusLoginPage" name="secondClickToEnterMail" time="0.705"/>
  <testcase classname="org.redbus.RedBusLoginPage" name="thirdClickNext" time="0.06"/>
  <testcase classname="org.redbus.RedBusLoginPage" name="fourthEnterPassword" time="2.069"/>
  <testcase classname="org.redbus.RedBusLoginPage" name="fivthClickLogIn" time="0.843"/>
</testsuite> <!-- Default test -->
