<?xml version="1.0" encoding="UTF-8"?>
<!-- Generated by org.testng.reporters.JUnitXMLReporter -->
<testsuite ignored="0" hostname="Admin" failures="2" tests="5" name="Test" time="0.082" errors="0" timestamp="2023-04-21T14:39:50 IST">
  <testcase classname="org.redbus.RedBusLoginPage" name="clickSingIn" time="0.008">
    <failure type="java.lang.NullPointerException" message="Cannot invoke &amp;quot;org.redbus.RedBusLoginPage.findElement(String, String)&amp;quot; because &amp;quot;this.r&amp;quot; is null">
      <![CDATA[java.lang.NullPointerException: Cannot invoke "org.redbus.RedBusLoginPage.findElement(String, String)" because "this.r" is null
at org.redbus.RedBusLoginPage.clickSingIn(RedBusLoginPage.java:23)
at java.base/java.util.ArrayList.forEach(ArrayList.java:1511)
... Removed 27 stack frames]]>
    </failure>
  </testcase> <!-- clickSingIn -->
  <testcase classname="org.redbus.RedBusLoginPage" name="cliclToEnterMail" time="0.001">
    <skipped/>
  </testcase> <!-- cliclToEnterMail -->
  <testcase classname="org.redbus.RedBusLoginPage" name="clickNext" time="0.0">
    <skipped/>
  </testcase> <!-- clickNext -->
  <testcase classname="org.redbus.RedBusLoginPage" name="enterPassword" time="0.0">
    <skipped/>
  </testcase> <!-- enterPassword -->
  <testcase classname="org.redbus.RedBusLoginPage" name="clickLogIn" time="0.002">
    <failure type="java.lang.NullPointerException" message="Cannot invoke &amp;quot;org.redbus.RedBusLoginPage.findElement(String, String)&amp;quot; because &amp;quot;this.r&amp;quot; is null">
      <![CDATA[java.lang.NullPointerException: Cannot invoke "org.redbus.RedBusLoginPage.findElement(String, String)" because "this.r" is null
at org.redbus.RedBusLoginPage.clickLogIn(RedBusLoginPage.java:42)
at java.base/java.util.ArrayList.forEach(ArrayList.java:1511)
... Removed 27 stack frames]]>
    </failure>
  </testcase> <!-- clickLogIn -->
</testsuite> <!-- Test -->
