<?xml version="1.0" encoding="UTF-8"?>
<testng-results ignored="0" total="5" passed="5" failed="0" skipped="0">
  <reporter-output>
  </reporter-output>
  <suite started-at="2023-04-25T11:36:33 IST" name="Default suite" finished-at="2023-04-25T11:36:42 IST" duration-ms="8478">
    <groups>
    </groups>
    <test started-at="2023-04-25T11:36:33 IST" name="Default test" finished-at="2023-04-25T11:36:42 IST" duration-ms="8478">
      <class name="org.redbus.RedBusLoginPage">
        <test-method is-config="true" signature="launchRebBus()[pri:0, instance:org.redbus.RedBusLoginPage@771a660]" started-at="2023-04-25T11:36:33 IST" name="launchRebBus" finished-at="2023-04-25T11:36:36 IST" duration-ms="2951" status="PASS">
          <reporter-output>
          </reporter-output>
        </test-method> <!-- launchRebBus -->
        <test-method signature="firstClickSingIn()[pri:0, instance:org.redbus.RedBusLoginPage@771a660]" started-at="2023-04-25T11:36:36 IST" name="firstClickSingIn" finished-at="2023-04-25T11:36:38 IST" duration-ms="1798" status="PASS">
          <reporter-output>
          </reporter-output>
        </test-method> <!-- firstClickSingIn -->
        <test-method signature="secondClickToEnterMail()[pri:1, instance:org.redbus.RedBusLoginPage@771a660]" started-at="2023-04-25T11:36:38 IST" name="secondClickToEnterMail" finished-at="2023-04-25T11:36:39 IST" duration-ms="705" status="PASS">
          <reporter-output>
          </reporter-output>
        </test-method> <!-- secondClickToEnterMail -->
        <test-method signature="thirdClickNext()[pri:2, instance:org.redbus.RedBusLoginPage@771a660]" started-at="2023-04-25T11:36:39 IST" name="thirdClickNext" finished-at="2023-04-25T11:36:39 IST" duration-ms="60" status="PASS">
          <reporter-output>
          </reporter-output>
        </test-method> <!-- thirdClickNext -->
        <test-method signature="fourthEnterPassword()[pri:3, instance:org.redbus.RedBusLoginPage@771a660]" started-at="2023-04-25T11:36:39 IST" name="fourthEnterPassword" finished-at="2023-04-25T11:36:41 IST" duration-ms="2069" status="PASS">
          <reporter-output>
          </reporter-output>
        </test-method> <!-- fourthEnterPassword -->
        <test-method signature="fivthClickLogIn()[pri:4, instance:org.redbus.RedBusLoginPage@771a660]" started-at="2023-04-25T11:36:41 IST" name="fivthClickLogIn" finished-at="2023-04-25T11:36:42 IST" duration-ms="843" status="PASS">
          <reporter-output>
          </reporter-output>
        </test-method> <!-- fivthClickLogIn -->
      </class> <!-- org.redbus.RedBusLoginPage -->
    </test> <!-- Default test -->
  </suite> <!-- Default suite -->
</testng-results>
